<?xml version="1.0" encoding="UTF-8"?>
<robot generator="Robot 6.0.2 (Python 3.11.2 on win32)" generated="20230725 15:20:24.801" rpa="false" schemaversion="3">
<suite id="s1" name="TCADAR2-612" source="C:\Users\TMPL-FA-1879\PycharmProjects\CadApplications\CADApplication\TestCases\HappyFlow\CallTaker\TCADAR2-612.robot">
<test id="s1-t1" name="Test Case 4 : Verify user is able to add Other Supplemental info" line="24">
<kw name="Given Login To Call taker Operartor" library="CallTaker_Home_Page">
<kw name="Get Ngcad Calltaker Details" library="VaultUtils">
<var>${ngcad_url}</var>
<var>${ngcad_username}</var>
<var>${ngcad_password}</var>
<msg timestamp="20230725 15:20:25.193" level="INFO">${ngcad_url} = https://trespondapp.tsf.com/NGCADApp/#/login</msg>
<msg timestamp="20230725 15:20:25.193" level="INFO">${ngcad_username} = ABHICT</msg>
<msg timestamp="20230725 15:20:25.193" level="INFO">${ngcad_password} = 123456</msg>
<status status="PASS" starttime="20230725 15:20:25.186" endtime="20230725 15:20:25.193"/>
</kw>
<kw name="Open Browser" library="SeleniumLibrary">
<arg>${ngcad_url}</arg>
<arg>chrome</arg>
<arg>options=add_argument("--ignore-certificate-errors")</arg>
<doc>Opens a new browser instance to the optional ``url``.</doc>
<msg timestamp="20230725 15:20:25.193" level="INFO">Opening browser 'chrome' to base url 'https://trespondapp.tsf.com/NGCADApp/#/login'.</msg>
<status status="PASS" starttime="20230725 15:20:25.193" endtime="20230725 15:20:28.321"/>
</kw>
<kw name="Maximize Browser Window" library="SeleniumLibrary">
<doc>Maximizes current browser window.</doc>
<status status="PASS" starttime="20230725 15:20:28.321" endtime="20230725 15:20:28.498"/>
</kw>
<kw name="Wait Until Page Contains Element" library="SeleniumLibrary">
<arg>${CAD_Dispatcher_Selection}</arg>
<arg>${CAD_Dispatcher_Selection_Timeout}</arg>
<doc>Waits until the element ``locator`` appears on the current page.</doc>
<status status="PASS" starttime="20230725 15:20:28.498" endtime="20230725 15:20:28.529"/>
</kw>
<kw name="Select From List By Label" library="SeleniumLibrary">
<arg>${CAD_Dispatcher_Selection}</arg>
<arg>${CallTakerRoletype}</arg>
<doc>Selects options from selection list ``locator`` by ``labels``.</doc>
<msg timestamp="20230725 15:20:28.529" level="INFO">Selecting options from selection list '(//select[contains(@class,'ng-untouched ')])[1]' by label COMMUNICATION OFFICER.</msg>
<status status="PASS" starttime="20230725 15:20:28.529" endtime="20230725 15:20:28.686"/>
</kw>
<kw name="Sleep" library="BuiltIn">
<arg>3</arg>
<doc>Pauses the test executed for the given time.</doc>
<msg timestamp="20230725 15:20:31.688" level="INFO">Slept 3 seconds</msg>
<status status="PASS" starttime="20230725 15:20:28.687" endtime="20230725 15:20:31.688"/>
</kw>
<kw name="Select From List By Value" library="SeleniumLibrary">
<arg>${CAD_Dispatcher_Workstation}</arg>
<arg>${Cad_Workstation}</arg>
<doc>Selects options from selection list ``locator`` by ``values``.</doc>
<msg timestamp="20230725 15:20:31.688" level="INFO">Selecting options from selection list '(//select[contains(@class,'ng-untouched ')])[2]' by value 100.</msg>
<status status="PASS" starttime="20230725 15:20:31.688" endtime="20230725 15:20:31.807"/>
</kw>
<kw name="Wait Until Page Contains Element" library="SeleniumLibrary">
<arg>${DisPUserNameField}</arg>
<arg>${Timeout}</arg>
<doc>Waits until the element ``locator`` appears on the current page.</doc>
<status status="PASS" starttime="20230725 15:20:31.807" endtime="20230725 15:20:31.826"/>
</kw>
<kw name="Input Text" library="SeleniumLibrary">
<arg>${UserNameField}</arg>
<arg>${ngcad_username}</arg>
<doc>Types the given ``text`` into the text field identified by ``locator``.</doc>
<msg timestamp="20230725 15:20:31.826" level="INFO">Typing text 'ABHICT' into text field '//input[contains(@placeholder,'Username')]'.</msg>
<status status="PASS" starttime="20230725 15:20:31.826" endtime="20230725 15:20:31.931"/>
</kw>
<kw name="Wait Until Page Contains Element" library="SeleniumLibrary">
<arg>${UserPasswordField}</arg>
<arg>${Timeout}</arg>
<doc>Waits until the element ``locator`` appears on the current page.</doc>
<status status="PASS" starttime="20230725 15:20:31.931" endtime="20230725 15:20:31.947"/>
</kw>
<kw name="Input Text" library="SeleniumLibrary">
<arg>${UserPasswordField}</arg>
<arg>${ngcad_password}</arg>
<doc>Types the given ``text`` into the text field identified by ``locator``.</doc>
<msg timestamp="20230725 15:20:31.948" level="INFO">Typing text '123456' into text field '//input[contains(@placeholder,'Password')]'.</msg>
<status status="PASS" starttime="20230725 15:20:31.947" endtime="20230725 15:20:32.039"/>
</kw>
<kw name="Capture Page Screenshot" library="SeleniumLibrary">
<arg>${Calltaker_Screenshot_Path}/CAD.png</arg>
<doc>Takes a screenshot of the current page and embeds it into a log file.</doc>
<msg timestamp="20230725 15:20:32.520" level="INFO" html="true">&lt;/td&gt;&lt;/tr&gt;&lt;tr&gt;&lt;td colspan="3"&gt;&lt;a href="../Screenshots/CAD.png"&gt;&lt;img src="../Screenshots/CAD.png" width="800px"&gt;&lt;/a&gt;</msg>
<status status="PASS" starttime="20230725 15:20:32.039" endtime="20230725 15:20:32.520"/>
</kw>
<kw name="Wait Until Page Contains Element" library="SeleniumLibrary">
<arg>${CAD_Login}</arg>
<arg>${Timeout}</arg>
<doc>Waits until the element ``locator`` appears on the current page.</doc>
<status status="PASS" starttime="20230725 15:20:32.520" endtime="20230725 15:20:32.536"/>
</kw>
<kw name="Click Button" library="SeleniumLibrary">
<arg>${CAD_Login}</arg>
<doc>Clicks the button identified by ``locator``.</doc>
<msg timestamp="20230725 15:20:32.536" level="INFO">Clicking button '//button[contains(.,'LOG IN')]'.</msg>
<status status="PASS" starttime="20230725 15:20:32.536" endtime="20230725 15:20:32.616"/>
</kw>
<kw name="Wait Until Element Is Visible" library="SeleniumLibrary">
<arg>${CTCreateManualEvent}</arg>
<arg>${Timeout}</arg>
<doc>Waits until the element ``locator`` is visible.</doc>
<status status="PASS" starttime="20230725 15:20:32.616" endtime="20230725 15:20:34.837"/>
</kw>
<kw name="Title Should Be" library="SeleniumLibrary">
<arg>ngcadapp</arg>
<doc>Verifies that the current page title equals ``title``.</doc>
<msg timestamp="20230725 15:20:34.868" level="INFO">Page title is 'ngcadapp'.</msg>
<status status="PASS" starttime="20230725 15:20:34.837" endtime="20230725 15:20:34.868"/>
</kw>
<kw name="Capture Page Screenshot" library="SeleniumLibrary">
<arg>${Calltaker_Screenshot_Path}/Login_to_Dispatcher.png</arg>
<doc>Takes a screenshot of the current page and embeds it into a log file.</doc>
<msg timestamp="20230725 15:20:34.988" level="INFO" html="true">&lt;/td&gt;&lt;/tr&gt;&lt;tr&gt;&lt;td colspan="3"&gt;&lt;a href="../Screenshots/Login_to_Dispatcher.png"&gt;&lt;img src="../Screenshots/Login_to_Dispatcher.png" width="800px"&gt;&lt;/a&gt;</msg>
<status status="PASS" starttime="20230725 15:20:34.868" endtime="20230725 15:20:34.988"/>
</kw>
<status status="PASS" starttime="20230725 15:20:25.186" endtime="20230725 15:20:34.989"/>
</kw>
<kw name="When CT Verify CallTaker Home Page And Title" library="CallTaker_Home_Page">
<kw name="Wait Until Element Is Visible" library="SeleniumLibrary">
<arg>${CT_Validate_HomePage}</arg>
<arg>7s</arg>
<doc>Waits until the element ``locator`` is visible.</doc>
<status status="PASS" starttime="20230725 15:20:34.989" endtime="20230725 15:20:35.025"/>
</kw>
<kw name="Title Should Be" library="SeleniumLibrary">
<arg>ngcadapp</arg>
<doc>Verifies that the current page title equals ``title``.</doc>
<msg timestamp="20230725 15:20:35.036" level="INFO">Page title is 'ngcadapp'.</msg>
<status status="PASS" starttime="20230725 15:20:35.025" endtime="20230725 15:20:35.036"/>
</kw>
<kw name="Capture Page Screenshot" library="SeleniumLibrary">
<arg>${Calltaker_Screenshot_Path}/Verify CallTaker Home Page And Title.png</arg>
<doc>Takes a screenshot of the current page and embeds it into a log file.</doc>
<msg timestamp="20230725 15:20:35.156" level="INFO" html="true">&lt;/td&gt;&lt;/tr&gt;&lt;tr&gt;&lt;td colspan="3"&gt;&lt;a href="../Screenshots/Verify%20CallTaker%20Home%20Page%20And%20Title.png"&gt;&lt;img src="../Screenshots/Verify%20CallTaker%20Home%20Page%20And%20Title.png" width="800px"&gt;&lt;/a&gt;</msg>
<status status="PASS" starttime="20230725 15:20:35.036" endtime="20230725 15:20:35.156"/>
</kw>
<status status="PASS" starttime="20230725 15:20:34.989" endtime="20230725 15:20:35.157"/>
</kw>
<kw name="Then CT Add Other Supplemental info" library="CallTaker_Home_Page">
<kw name="Wait Until Element Is Visible" library="SeleniumLibrary">
<arg>${CT_SUP}</arg>
<arg>${Timeout}</arg>
<doc>Waits until the element ``locator`` is visible.</doc>
<status status="PASS" starttime="20230725 15:20:35.157" endtime="20230725 15:20:35.193"/>
</kw>
<kw name="Click Element" library="SeleniumLibrary">
<arg>${CT_SUP}</arg>
<doc>Click the element identified by ``locator``.</doc>
<msg timestamp="20230725 15:20:35.195" level="INFO">Clicking element '//strong[contains(.,'+SUP')]'.</msg>
<status status="PASS" starttime="20230725 15:20:35.194" endtime="20230725 15:20:35.440"/>
</kw>
<kw name="Click Element" library="SeleniumLibrary">
<arg>${CT_Supliment_Other}</arg>
<doc>Click the element identified by ``locator``.</doc>
<msg timestamp="20230725 15:20:35.441" level="INFO">Clicking element '//button[contains(.,'OTHER')]'.</msg>
<status status="PASS" starttime="20230725 15:20:35.441" endtime="20230725 15:20:35.709"/>
</kw>
<kw name="Execute Javascript" library="SeleniumLibrary">
<var>${CT_Supliment_Other_NoOfInjuries_Field}</var>
<arg>${CT_Supliment_Other_NoOfInjuries_JS}</arg>
<doc>Executes the given JavaScript code with possible arguments.</doc>
<msg timestamp="20230725 15:20:35.711" level="INFO">Executing JavaScript:
return document.querySelector("#sup-number-of-injuries").shadowRoot.querySelector("#sup-number-of-injuries")
Without any arguments.</msg>
<msg timestamp="20230725 15:20:35.732" level="INFO">${CT_Supliment_Other_NoOfInjuries_Field} = &lt;selenium.webdriver.remote.webelement.WebElement (session="7c1464b8eb850a7a892abda7b35fa9d2", element="92136AD99F89B739C0D9BEEDB572C859_element_127")&gt;</msg>
<status status="PASS" starttime="20230725 15:20:35.710" endtime="20230725 15:20:35.732"/>
</kw>
<kw name="Input Text" library="SeleniumLibrary">
<arg>${CT_Supliment_Other_NoOfInjuries_Field}</arg>
<arg>${CT_Supliment_Other_NoOfInjuries}</arg>
<doc>Types the given ``text`` into the text field identified by ``locator``.</doc>
<msg timestamp="20230725 15:20:35.733" level="INFO">Typing text '2' into text field '&lt;selenium.webdriver.remote.webelement.WebElement (session="7c1464b8eb850a7a892abda7b35fa9d2", element="92136AD99F89B739C0D9BEEDB572C859_element_127")&gt;'.</msg>
<status status="PASS" starttime="20230725 15:20:35.732" endtime="20230725 15:20:35.843"/>
</kw>
<kw name="Execute Javascript" library="SeleniumLibrary">
<var>${CT_Supliment_Other_NoOfDeaths_Field}</var>
<arg>${CT_Supliment_Other_NoOfDeaths_JS}</arg>
<doc>Executes the given JavaScript code with possible arguments.</doc>
<msg timestamp="20230725 15:20:35.845" level="INFO">Executing JavaScript:
return document.querySelector("#sup-number-of-death").shadowRoot.querySelector("#sup-number-of-death")
Without any arguments.</msg>
<msg timestamp="20230725 15:20:35.866" level="INFO">${CT_Supliment_Other_NoOfDeaths_Field} = &lt;selenium.webdriver.remote.webelement.WebElement (session="7c1464b8eb850a7a892abda7b35fa9d2", element="92136AD99F89B739C0D9BEEDB572C859_element_128")&gt;</msg>
<status status="PASS" starttime="20230725 15:20:35.843" endtime="20230725 15:20:35.866"/>
</kw>
<kw name="Input Text" library="SeleniumLibrary">
<arg>${CT_Supliment_Other_NoOfDeaths_Field}</arg>
<arg>${CT_Supliment_Other_NoOfDeaths}</arg>
<doc>Types the given ``text`` into the text field identified by ``locator``.</doc>
<msg timestamp="20230725 15:20:35.868" level="INFO">Typing text '1' into text field '&lt;selenium.webdriver.remote.webelement.WebElement (session="7c1464b8eb850a7a892abda7b35fa9d2", element="92136AD99F89B739C0D9BEEDB572C859_element_128")&gt;'.</msg>
<status status="PASS" starttime="20230725 15:20:35.867" endtime="20230725 15:20:36.013"/>
</kw>
<kw name="Click Element" library="SeleniumLibrary">
<arg>${CT_Supliment_Other_Add}</arg>
<doc>Click the element identified by ``locator``.</doc>
<msg timestamp="20230725 15:20:36.014" level="INFO">Clicking element '//t-button[contains(@id,'sup-add-otherdetails')]'.</msg>
<status status="PASS" starttime="20230725 15:20:36.013" endtime="20230725 15:20:36.169"/>
</kw>
<kw name="Capture Page Screenshot" library="SeleniumLibrary">
<arg>${Calltaker_Screenshot_Path}/CT Add Other Supplemental info.png</arg>
<doc>Takes a screenshot of the current page and embeds it into a log file.</doc>
<msg timestamp="20230725 15:20:36.306" level="INFO" html="true">&lt;/td&gt;&lt;/tr&gt;&lt;tr&gt;&lt;td colspan="3"&gt;&lt;a href="../Screenshots/CT%20Add%20Other%20Supplemental%20info.png"&gt;&lt;img src="../Screenshots/CT%20Add%20Other%20Supplemental%20info.png" width="800px"&gt;&lt;/a&gt;</msg>
<status status="PASS" starttime="20230725 15:20:36.169" endtime="20230725 15:20:36.306"/>
</kw>
<status status="PASS" starttime="20230725 15:20:35.157" endtime="20230725 15:20:36.306"/>
</kw>
<kw name="TearDown Lagout" library="CallTaker_Home_Page" type="TEARDOWN">
<kw name="Reload Page" library="SeleniumLibrary">
<doc>Simulates user reloading page.</doc>
<status status="PASS" starttime="20230725 15:20:36.307" endtime="20230725 15:20:36.353"/>
</kw>
<kw name="Handle Alert" library="SeleniumLibrary">
<arg>action=ACCEPT</arg>
<arg>timeout=5s</arg>
<doc>Handles the current alert and returns its message.</doc>
<msg timestamp="20230725 15:20:36.354" level="INFO">HANDLE::&lt;class 'datetime.timedelta'&gt;::0:00:05</msg>
<status status="PASS" starttime="20230725 15:20:36.354" endtime="20230725 15:20:36.370"/>
</kw>
<kw name="Sleep" library="BuiltIn">
<arg>5s</arg>
<doc>Pauses the test executed for the given time.</doc>
<msg timestamp="20230725 15:20:41.370" level="INFO">Slept 5 seconds</msg>
<status status="PASS" starttime="20230725 15:20:36.370" endtime="20230725 15:20:41.370"/>
</kw>
<kw name="Execute Javascript" library="SeleniumLibrary">
<var>${Operator_Lagout}</var>
<arg>${Operator_Lagout_JS}</arg>
<doc>Executes the given JavaScript code with possible arguments.</doc>
<msg timestamp="20230725 15:20:41.374" level="INFO">Executing JavaScript:
return document.querySelector("body &gt; app-root &gt; app-app-load &gt; div &gt; t-header &gt; div:nth-child(13) &gt; t-button").shadowRoot.querySelector("span &gt; button")
Without any arguments.</msg>
<msg timestamp="20230725 15:20:41.418" level="INFO">${Operator_Lagout} = &lt;selenium.webdriver.remote.webelement.WebElement (session="7c1464b8eb850a7a892abda7b35fa9d2", element="7E59014E0CEF2CAE89D3671B22BF48D7_element_241")&gt;</msg>
<status status="PASS" starttime="20230725 15:20:41.371" endtime="20230725 15:20:41.418"/>
</kw>
<kw name="Run Keyword And Return Status" library="BuiltIn">
<var>${Status}</var>
<arg>Element Should Be Visible</arg>
<arg>${Operator_Lagout}</arg>
<doc>Runs the given keyword with given arguments and returns the status as a Boolean value.</doc>
<kw name="Element Should Be Visible" library="SeleniumLibrary">
<arg>${Operator_Lagout}</arg>
<doc>Verifies that the element identified by ``locator`` is visible.</doc>
<msg timestamp="20230725 15:20:41.434" level="INFO">Element '&lt;selenium.webdriver.remote.webelement.WebElement (session="7c1464b8eb850a7a892abda7b35fa9d2", element="7E59014E0CEF2CAE89D3671B22BF48D7_element_241")&gt;' is displayed.</msg>
<status status="PASS" starttime="20230725 15:20:41.419" endtime="20230725 15:20:41.434"/>
</kw>
<msg timestamp="20230725 15:20:41.434" level="INFO">${Status} = True</msg>
<status status="PASS" starttime="20230725 15:20:41.418" endtime="20230725 15:20:41.434"/>
</kw>
<kw name="Run Keyword If" library="BuiltIn">
<arg>${Status}</arg>
<arg>Operator Lagout</arg>
<doc>Runs the given keyword with the given arguments, if ``condition`` is true.</doc>
<kw name="Operator Lagout" library="CallTaker_Home_Page">
<kw name="Execute Javascript" library="SeleniumLibrary">
<var>${Operator_Lagout}</var>
<arg>${Operator_Lagout_JS}</arg>
<doc>Executes the given JavaScript code with possible arguments.</doc>
<msg timestamp="20230725 15:20:41.436" level="INFO">Executing JavaScript:
return document.querySelector("body &gt; app-root &gt; app-app-load &gt; div &gt; t-header &gt; div:nth-child(13) &gt; t-button").shadowRoot.querySelector("span &gt; button")
Without any arguments.</msg>
<msg timestamp="20230725 15:20:41.441" level="INFO">${Operator_Lagout} = &lt;selenium.webdriver.remote.webelement.WebElement (session="7c1464b8eb850a7a892abda7b35fa9d2", element="7E59014E0CEF2CAE89D3671B22BF48D7_element_241")&gt;</msg>
<status status="PASS" starttime="20230725 15:20:41.435" endtime="20230725 15:20:41.441"/>
</kw>
<kw name="Wait Until Element Is Visible" library="SeleniumLibrary">
<arg>${Operator_Lagout}</arg>
<arg>${Timeout}</arg>
<doc>Waits until the element ``locator`` is visible.</doc>
<status status="PASS" starttime="20230725 15:20:41.441" endtime="20230725 15:20:41.457"/>
</kw>
<kw name="Click Element" library="SeleniumLibrary">
<arg>${Operator_Lagout}</arg>
<doc>Click the element identified by ``locator``.</doc>
<msg timestamp="20230725 15:20:41.458" level="INFO">Clicking element '&lt;selenium.webdriver.remote.webelement.WebElement (session="7c1464b8eb850a7a892abda7b35fa9d2", element="7E59014E0CEF2CAE89D3671B22BF48D7_element_241")&gt;'.</msg>
<status status="PASS" starttime="20230725 15:20:41.457" endtime="20230725 15:20:41.539"/>
</kw>
<kw name="Execute Javascript" library="SeleniumLibrary">
<var>${Operator_Lagout_Yes}</var>
<arg>${Operator_Lagout_Yes_JS}</arg>
<doc>Executes the given JavaScript code with possible arguments.</doc>
<msg timestamp="20230725 15:20:41.540" level="INFO">Executing JavaScript:
return document.querySelector("body &gt; app-root &gt; app-app-load &gt; div &gt; t-dialog:nth-child(3) &gt; div.d-flex.justify-content-center.py-2.ng-star-inserted &gt; div:nth-child(1) &gt; t-button").shadowRoot.querySelector("button")
Without any arguments.</msg>
<msg timestamp="20230725 15:20:41.551" level="INFO">${Operator_Lagout_Yes} = &lt;selenium.webdriver.remote.webelement.WebElement (session="7c1464b8eb850a7a892abda7b35fa9d2", element="7E59014E0CEF2CAE89D3671B22BF48D7_element_242")&gt;</msg>
<status status="PASS" starttime="20230725 15:20:41.539" endtime="20230725 15:20:41.551"/>
</kw>
<kw name="Click Element" library="SeleniumLibrary">
<arg>${Operator_Lagout_Yes}</arg>
<doc>Click the element identified by ``locator``.</doc>
<msg timestamp="20230725 15:20:41.552" level="INFO">Clicking element '&lt;selenium.webdriver.remote.webelement.WebElement (session="7c1464b8eb850a7a892abda7b35fa9d2", element="7E59014E0CEF2CAE89D3671B22BF48D7_element_242")&gt;'.</msg>
<status status="PASS" starttime="20230725 15:20:41.551" endtime="20230725 15:20:41.625"/>
</kw>
<status status="PASS" starttime="20230725 15:20:41.434" endtime="20230725 15:20:41.625"/>
</kw>
<status status="PASS" starttime="20230725 15:20:41.434" endtime="20230725 15:20:41.625"/>
</kw>
<status status="PASS" starttime="20230725 15:20:36.307" endtime="20230725 15:20:41.625"/>
</kw>
<tag>AS-4220</tag>
<status status="PASS" starttime="20230725 15:20:25.186" endtime="20230725 15:20:41.625"/>
</test>
<status status="PASS" starttime="20230725 15:20:24.801" endtime="20230725 15:20:41.627"/>
</suite>
<statistics>
<total>
<stat pass="1" fail="0" skip="0">All Tests</stat>
</total>
<tag>
<stat pass="1" fail="0" skip="0">AS-4220</stat>
</tag>
<suite>
<stat pass="1" fail="0" skip="0" id="s1" name="TCADAR2-612">TCADAR2-612</stat>
</suite>
</statistics>
<errors>
</errors>
</robot>
